0 info it worked if it ends with ok
1 verbose cli [ 'node', '/usr/local/bin/npm', 'install', '-g', 'nodemon' ]
2 info using npm@2.1.7
3 info using node@v0.10.33
4 silly cache add args [ 'nodemon', null ]
5 verbose cache add spec nodemon
6 silly cache add parsed spec { raw: 'nodemon',
6 silly cache add   scope: null,
6 silly cache add   name: 'nodemon',
6 silly cache add   rawSpec: '',
6 silly cache add   spec: '*',
6 silly cache add   type: 'range' }
7 verbose addNamed nodemon@*
8 silly addNamed semver.valid null
9 silly addNamed semver.validRange *
10 silly addNameRange { name: 'nodemon', range: '*', hasData: false }
11 silly mapToRegistry name nodemon
12 silly mapToRegistry using default registry
13 silly mapToRegistry registry https://registry.npmjs.org/
14 silly mapToRegistry uri https://registry.npmjs.org/nodemon
15 verbose addNameRange registry:https://registry.npmjs.org/nodemon not in flight; fetching
16 verbose request uri https://registry.npmjs.org/nodemon
17 verbose request no auth needed
18 info attempt registry request try #1 at 09:10:21
19 verbose request id 333e3dd63953decb
20 verbose etag "C1NH1RUK1DFP08JU7N2QDT1OL"
21 http request GET https://registry.npmjs.org/nodemon
22 http 200 https://registry.npmjs.org/nodemon
23 silly get cb [ 200,
23 silly get   { date: 'Thu, 08 Jan 2015 08:10:22 GMT',
23 silly get     server: 'CouchDB/1.5.0 (Erlang OTP/R16B03)',
23 silly get     etag: '"3ZGF18ZPDG1MZWDUV4FWX102D"',
23 silly get     'content-type': 'application/json',
23 silly get     'cache-control': 'max-age=60',
23 silly get     'content-length': '136020',
23 silly get     'accept-ranges': 'bytes',
23 silly get     via: '1.1 varnish',
23 silly get     age: '0',
23 silly get     'x-served-by': 'cache-ams4126-AMS',
23 silly get     'x-cache': 'HIT',
23 silly get     'x-cache-hits': '1',
23 silly get     'x-timer': 'S1420704621.926997,VS0,VE381',
23 silly get     vary: 'Accept',
23 silly get     'keep-alive': 'timeout=10, max=50',
23 silly get     connection: 'Keep-Alive' } ]
24 silly addNameRange number 2 { name: 'nodemon', range: '*', hasData: true }
25 silly addNameRange versions [ 'nodemon',
25 silly addNameRange   [ '0.1.4',
25 silly addNameRange     '0.1.5',
25 silly addNameRange     '0.1.6',
25 silly addNameRange     '0.1.7',
25 silly addNameRange     '0.1.8',
25 silly addNameRange     '0.2.0',
25 silly addNameRange     '0.2.1',
25 silly addNameRange     '0.2.2',
25 silly addNameRange     '0.3.0',
25 silly addNameRange     '0.3.1',
25 silly addNameRange     '0.3.2',
25 silly addNameRange     '0.4.0',
25 silly addNameRange     '0.4.1',
25 silly addNameRange     '0.5.0',
25 silly addNameRange     '0.5.1',
25 silly addNameRange     '0.5.2',
25 silly addNameRange     '0.5.3',
25 silly addNameRange     '0.5.4',
25 silly addNameRange     '0.5.5',
25 silly addNameRange     '0.5.6',
25 silly addNameRange     '0.5.7',
25 silly addNameRange     '0.6.0',
25 silly addNameRange     '0.6.1',
25 silly addNameRange     '0.6.2',
25 silly addNameRange     '0.6.3',
25 silly addNameRange     '0.6.4',
25 silly addNameRange     '0.6.5',
25 silly addNameRange     '0.6.6',
25 silly addNameRange     '0.6.7',
25 silly addNameRange     '0.6.8',
25 silly addNameRange     '0.6.9',
25 silly addNameRange     '0.6.10',
25 silly addNameRange     '0.6.11',
25 silly addNameRange     '0.6.12',
25 silly addNameRange     '0.6.13',
25 silly addNameRange     '0.6.14',
25 silly addNameRange     '0.6.15',
25 silly addNameRange     '0.6.16',
25 silly addNameRange     '0.6.17',
25 silly addNameRange     '0.6.18',
25 silly addNameRange     '0.6.19',
25 silly addNameRange     '0.6.20',
25 silly addNameRange     '0.6.21',
25 silly addNameRange     '0.6.22',
25 silly addNameRange     '0.6.23',
25 silly addNameRange     '0.7.0',
25 silly addNameRange     '0.7.1',
25 silly addNameRange     '0.7.2',
25 silly addNameRange     '0.7.3',
25 silly addNameRange     '0.7.4',
25 silly addNameRange     '0.7.5',
25 silly addNameRange     '0.7.6',
25 silly addNameRange     '0.7.7',
25 silly addNameRange     '0.7.8',
25 silly addNameRange     '0.7.10',
25 silly addNameRange     '0.9.0',
25 silly addNameRange     '0.9.1',
25 silly addNameRange     '0.9.2',
25 silly addNameRange     '0.9.3',
25 silly addNameRange     '0.9.5',
25 silly addNameRange     '0.9.6',
25 silly addNameRange     '0.9.7',
25 silly addNameRange     '0.9.10',
25 silly addNameRange     '0.9.11',
25 silly addNameRange     '0.9.12',
25 silly addNameRange     '0.9.14',
25 silly addNameRange     '0.9.16',
25 silly addNameRange     '0.9.17',
25 silly addNameRange     '1.0.0',
25 silly addNameRange     '1.0.1',
25 silly addNameRange     '1.0.2',
25 silly addNameRange     '1.0.2-rc',
25 silly addNameRange     '0.6.10-a',
25 silly addNameRange     '1.0.2-rc3',
25 silly addNameRange     '1.0.2-rc4',
25 silly addNameRange     '1.0.3',
25 silly addNameRange     '1.0.4',
25 silly addNameRange     '1.0.5',
25 silly addNameRange     '1.0.6',
25 silly addNameRange     '1.0.7',
25 silly addNameRange     '1.0.8',
25 silly addNameRange     '1.0.9',
25 silly addNameRange     '1.0.10',
25 silly addNameRange     '1.0.11',
25 silly addNameRange     '1.0.12',
25 silly addNameRange     '1.0.13',
25 silly addNameRange     '1.0.14',
25 silly addNameRange     '1.0.15',
25 silly addNameRange     '1.0.16',
25 silly addNameRange     '1.0.17-rc1',
25 silly addNameRange     '1.0.17-rc2',
25 silly addNameRange     '1.0.17',
25 silly addNameRange     '1.0.18',
25 silly addNameRange     '1.0.19',
25 silly addNameRange     '1.0.20',
25 silly addNameRange     '1.1.0-alpha',
25 silly addNameRange     '1.1.0',
25 silly addNameRange     '1.1.1',
25 silly addNameRange     '1.2.0',
25 silly addNameRange     '1.2.1',
25 silly addNameRange     '1.3.0-0',
25 silly addNameRange     '1.3.0-1',
25 silly addNameRange     '1.3.0-2',
25 silly addNameRange     '1.3.0-3',
25 silly addNameRange     '1.3.0-4',
25 silly addNameRange     '1.3.0-5',
25 silly addNameRange     '1.3.0-6',
25 silly addNameRange     '1.3.0-7' ] ]
26 verbose addNamed nodemon@1.2.1
27 silly addNamed semver.valid 1.2.1
28 silly addNamed semver.validRange 1.2.1
29 silly cache afterAdd nodemon@1.2.1
30 verbose afterAdd /home/faruk/.npm/nodemon/1.2.1/package/package.json not in flight; writing
31 verbose afterAdd /home/faruk/.npm/nodemon/1.2.1/package/package.json written
32 silly install resolved [ { name: 'nodemon',
32 silly install resolved     homepage: 'http://nodemon.io',
32 silly install resolved     author: { name: 'Remy Sharp', url: 'http://github.com/remy' },
32 silly install resolved     bin: { nodemon: './bin/nodemon.js' },
32 silly install resolved     engines: { node: '>=0.8' },
32 silly install resolved     repository: { type: 'git', url: 'http://github.com/remy/nodemon.git' },
32 silly install resolved     description: 'Simple monitor script for use during development of a node.js app.',
32 silly install resolved     keywords:
32 silly install resolved      [ 'monitor',
32 silly install resolved        'development',
32 silly install resolved        'restart',
32 silly install resolved        'autoload',
32 silly install resolved        'reload',
32 silly install resolved        'terminal' ],
32 silly install resolved     version: '1.2.1',
32 silly install resolved     preferGlobal: 'true',
32 silly install resolved     licenses: [ [Object] ],
32 silly install resolved     main: './lib/nodemon',
32 silly install resolved     scripts:
32 silly install resolved      { coverage: 'istanbul cover _mocha -- --timeout 30000 --ui bdd --reporter list test/**/*.test.js',
32 silly install resolved        test: 'node_modules/mocha/bin/_mocha --timeout 30000 --ui bdd test/**/*.test.js',
32 silly install resolved        web: 'node web' },
32 silly install resolved     devDependencies:
32 silly install resolved      { connect: '~2.19.1',
32 silly install resolved        mocha: '~1.20.0',
32 silly install resolved        should: '~4.0.0',
32 silly install resolved        istanbul: '~0.2.10',
32 silly install resolved        touch: '~0.0.3',
32 silly install resolved        'coffee-script': '~1.7.1' },
32 silly install resolved     dependencies:
32 silly install resolved      { 'update-notifier': '~0.1.8',
32 silly install resolved        minimatch: '~0.3.0',
32 silly install resolved        'ps-tree': '~0.0.3' },
32 silly install resolved     bugs: { url: 'https://github.com/remy/nodemon/issues' },
32 silly install resolved     _id: 'nodemon@1.2.1',
32 silly install resolved     dist:
32 silly install resolved      { shasum: '02a288045652e92350e7d752a8054472ed2c4824',
32 silly install resolved        tarball: 'http://registry.npmjs.org/nodemon/-/nodemon-1.2.1.tgz' },
32 silly install resolved     _from: 'nodemon@*',
32 silly install resolved     _npmVersion: '1.3.24',
32 silly install resolved     _npmUser: { name: 'remy', email: 'remy@remysharp.com' },
32 silly install resolved     maintainers: [ [Object] ],
32 silly install resolved     directories: {},
32 silly install resolved     _shasum: '02a288045652e92350e7d752a8054472ed2c4824',
32 silly install resolved     _resolved: 'https://registry.npmjs.org/nodemon/-/nodemon-1.2.1.tgz',
32 silly install resolved     readme: 'ERROR: No README data found!' } ]
33 info install nodemon@1.2.1 into /usr/local/lib
34 info installOne nodemon@1.2.1
35 verbose installOne of nodemon to /usr/local/lib not in flight; installing
36 verbose lock using /home/faruk/.npm/_locks/nodemon-49f7ed19e778991e.lock for /usr/local/lib/node_modules/nodemon
37 silly install write writing nodemon 1.2.1 to /usr/local/lib/node_modules/nodemon
38 silly cache addNamed cb nodemon@1.2.1
39 verbose unbuild lib/node_modules/nodemon
40 info preuninstall nodemon@1.2.1
41 info uninstall nodemon@1.2.1
42 verbose unbuild rmStuff nodemon@1.2.1 from /usr/local/lib/node_modules
43 verbose /usr/local/bin,[object Object] binRoot
44 verbose gentlyRm verifying that /usr/local/lib/node_modules/nodemon is managed by npm
45 silly cacheAndTest /usr/local/lib/node_modules/nodemon is inside /usr/local/lib/node_modules
46 silly gentlyRm /usr/local/lib/node_modules/nodemon is managed by npm
47 silly gentlyRm /usr/local/bin/nodemon is not under /usr/local/lib/node_modules/nodemon
48 silly gentlyRm checking to see if /usr/local/bin/nodemon is a link
49 silly gentlyRm /usr/local/bin/nodemon is a link
50 silly gentlyRm /usr/local/lib/node_modules/nodemon/bin/nodemon.js inside /usr/local/lib/node_modules/nodemon
51 verbose gentlyRm vacuuming /usr/local/bin/nodemon
52 silly gentlyRm removing /usr/local/bin/nodemon
53 verbose unlock done using /home/faruk/.npm/_locks/nodemon-49f7ed19e778991e.lock for /usr/local/lib/node_modules/nodemon
54 verbose stack Error: EACCES, unlink '/usr/local/bin/nodemon'
55 verbose cwd /home/faruk/contacts
56 error Linux 3.13.0-39-generic
57 error argv "node" "/usr/local/bin/npm" "install" "-g" "nodemon"
58 error node v0.10.33
59 error npm  v2.1.7
60 error path /usr/local/bin/nodemon
61 error code EACCES
62 error errno 3
63 error Error: EACCES, unlink '/usr/local/bin/nodemon'
63 error  { [Error: EACCES, unlink '/usr/local/bin/nodemon'] errno: 3, code: 'EACCES', path: '/usr/local/bin/nodemon' }
64 error Please try running this command again as root/Administrator.
65 verbose exit [ 3, true ]
66 verbose unbuild lib/node_modules/nodemon
67 info preuninstall nodemon@1.2.1
68 info uninstall nodemon@1.2.1
69 verbose unbuild rmStuff nodemon@1.2.1 from /usr/local/lib/node_modules
70 verbose /usr/local/bin,[object Object] binRoot
71 verbose gentlyRm verifying that /usr/local/lib/node_modules/nodemon is managed by npm
72 silly isManaged /usr/local/lib/node_modules/nodemon is inside /usr/local/lib/node_modules
73 silly gentlyRm /usr/local/lib/node_modules/nodemon is managed by npm
74 silly gentlyRm /usr/local/bin/nodemon is not under /usr/local/lib/node_modules/nodemon
75 silly gentlyRm checking to see if /usr/local/bin/nodemon is a link
76 silly gentlyRm /usr/local/bin/nodemon is a link
77 silly gentlyRm /usr/local/lib/node_modules/nodemon/bin/nodemon.js inside /usr/local/lib/node_modules/nodemon
78 verbose gentlyRm vacuuming /usr/local/bin/nodemon
79 silly gentlyRm removing /usr/local/bin/nodemon
80 error error rolling back Error: EACCES, unlink '/usr/local/bin/nodemon'
80 error error rolling back  { [Error: EACCES, unlink '/usr/local/bin/nodemon'] errno: 3, code: 'EACCES', path: '/usr/local/bin/nodemon' }
